<?xml version="1.0" encoding="UTF-8"?>
<!-- Generated by org.testng.reporters.JUnitReportReporter -->
<testsuite hostname="DESKTOP-IOPL51N" failures="0" tests="1" name="com.solvd.AppTest" time="0.002" errors="0" timestamp="2024-09-02T11:35:53 CEST" skipped="0">
  <testcase classname="com.solvd.AppTest" name="testApp" time="0.002"/>
  <system-out/>
</testsuite> <!-- com.solvd.AppTest -->
